<?xml version="1.0" encoding="UTF-8"?>
<testsuite name="DrivebaseTest" tests="4" skipped="0" failures="0" errors="0" timestamp="2022-12-02T03:41:28" hostname="penguin" time="0.84">
  <properties/>
  <testcase name="driveTestStraight" classname="DrivebaseTest" time="0.822"/>
  <testcase name="driveTestTurnInPlace" classname="DrivebaseTest" time="0.002"/>
  <testcase name="doesDriveWork" classname="DrivebaseTest" time="0.008"/>
  <testcase name="setupTest" classname="DrivebaseTest" time="0.007"/>
  <system-out><![CDATA[]]></system-out>
  <system-err><![CDATA[]]></system-err>
</testsuite>
