<?xml version="1.0" encoding="UTF-8"?>
<testsuite name="DrivebaseTest" tests="4" skipped="0" failures="0" errors="0" timestamp="2022-12-09T02:28:44" hostname="penguin" time="1.221">
  <properties/>
  <testcase name="driveTestStraight" classname="DrivebaseTest" time="1.185"/>
  <testcase name="driveTestTurnInPlace" classname="DrivebaseTest" time="0.018"/>
  <testcase name="doesDriveWork" classname="DrivebaseTest" time="0.003"/>
  <testcase name="setupTest" classname="DrivebaseTest" time="0.011"/>
  <system-out><![CDATA[]]></system-out>
  <system-err><![CDATA[]]></system-err>
</testsuite>
