<?xml version="1.0" encoding="UTF-8"?>
<testsuite name="IntakeControlTest" tests="2" skipped="0" failures="0" errors="0" timestamp="2022-12-02T03:41:30" hostname="penguin" time="0.039">
  <properties/>
  <testcase name="doesntMoveWithoutLeftTrigger" classname="IntakeControlTest" time="0.033"/>
  <testcase name="movesProperly" classname="IntakeControlTest" time="0.005"/>
  <system-out><![CDATA[]]></system-out>
  <system-err><![CDATA[]]></system-err>
</testsuite>
