<?xml version="1.0" encoding="UTF-8"?>
<testsuite name="DrivebaseControlTest" tests="2" skipped="0" failures="0" errors="0" timestamp="2022-12-09T02:28:43" hostname="penguin" time="1.711">
  <properties/>
  <testcase name="motorTestNormalMovement" classname="DrivebaseControlTest" time="1.708"/>
  <testcase name="motorTestSlowMovement" classname="DrivebaseControlTest" time="0.003"/>
  <system-out><![CDATA[]]></system-out>
  <system-err><![CDATA[]]></system-err>
</testsuite>
