<?xml version="1.0" encoding="UTF-8"?>
<testsuite name="IntakeControlTest" tests="2" skipped="0" failures="0" errors="0" timestamp="2022-12-02T03:03:52" hostname="penguin" time="0.03">
  <properties/>
  <testcase name="doesntMoveWithoutLeftTrigger" classname="IntakeControlTest" time="0.021"/>
  <testcase name="movesProperly" classname="IntakeControlTest" time="0.002"/>
  <system-out><![CDATA[]]></system-out>
  <system-err><![CDATA[]]></system-err>
</testsuite>
