<?xml version="1.0" encoding="UTF-8"?>
<testsuite name="DrivebaseControlTest" tests="4" skipped="0" failures="0" errors="0" timestamp="2022-12-21T02:29:03" hostname="penguin" time="1.344">
  <properties/>
  <testcase name="doesntCalculateWithoutAButton" classname="DrivebaseControlTest" time="1.306"/>
  <testcase name="motorTestNormalMovement" classname="DrivebaseControlTest" time="0.009"/>
  <testcase name="calculatesWhenAButton" classname="DrivebaseControlTest" time="0.005"/>
  <testcase name="motorTestSlowMovement" classname="DrivebaseControlTest" time="0.02"/>
  <system-out><![CDATA[]]></system-out>
  <system-err><![CDATA[]]></system-err>
</testsuite>
