<?xml version="1.0" encoding="UTF-8"?>
<testsuite name="IntakeTest" tests="7" skipped="0" failures="0" errors="0" timestamp="2022-12-21T02:29:05" hostname="penguin" time="0.567">
  <properties/>
  <testcase name="setStateToTest" classname="IntakeTest" time="0.558"/>
  <testcase name="resetPosition" classname="IntakeTest" time="0.002"/>
  <testcase name="moveWhileOpen" classname="IntakeTest" time="0.001"/>
  <testcase name="moveWhileClosed" classname="IntakeTest" time="0.001"/>
  <testcase name="overrideTest" classname="IntakeTest" time="0.002"/>
  <testcase name="setupTest" classname="IntakeTest" time="0.001"/>
  <testcase name="moveCalculationTest" classname="IntakeTest" time="0.001"/>
  <system-out><![CDATA[]]></system-out>
  <system-err><![CDATA[]]></system-err>
</testsuite>
