<?xml version="1.0" encoding="UTF-8"?>
<testsuite name="DrivebaseTest" tests="4" skipped="0" failures="0" errors="0" timestamp="2022-11-30T02:57:22" hostname="penguin" time="1.733">
  <properties/>
  <testcase name="driveTestStraight" classname="DrivebaseTest" time="1.72"/>
  <testcase name="driveTestTurnInPlace" classname="DrivebaseTest" time="0.005"/>
  <testcase name="doesDriveWork" classname="DrivebaseTest" time="0.003"/>
  <testcase name="setupTest" classname="DrivebaseTest" time="0.001"/>
  <system-out><![CDATA[]]></system-out>
  <system-err><![CDATA[]]></system-err>
</testsuite>
