<?xml version="1.0" encoding="UTF-8"?>
<testsuite name="IntakeControlTest" tests="3" skipped="0" failures="0" errors="0" timestamp="2022-12-21T02:29:05" hostname="penguin" time="0.078">
  <properties/>
  <testcase name="doesntMoveWithoutLeftTrigger" classname="IntakeControlTest" time="0.064"/>
  <testcase name="movesProperly" classname="IntakeControlTest" time="0.004"/>
  <testcase name="testIntakeOverride" classname="IntakeControlTest" time="0.003"/>
  <system-out><![CDATA[]]></system-out>
  <system-err><![CDATA[]]></system-err>
</testsuite>
