<?xml version="1.0" encoding="UTF-8"?>
<testsuite name="DrivebaseTest" tests="4" skipped="0" failures="0" errors="0" timestamp="2022-12-21T02:29:04" hostname="penguin" time="0.685">
  <properties/>
  <testcase name="driveTestStraight" classname="DrivebaseTest" time="0.657"/>
  <testcase name="driveTestTurnInPlace" classname="DrivebaseTest" time="0.005"/>
  <testcase name="doesDriveWork" classname="DrivebaseTest" time="0.012"/>
  <testcase name="setupTest" classname="DrivebaseTest" time="0.001"/>
  <system-out><![CDATA[]]></system-out>
  <system-err><![CDATA[]]></system-err>
</testsuite>
