<?xml version="1.0" encoding="UTF-8"?>
<testsuite name="DrivebaseTest" tests="4" skipped="0" failures="0" errors="0" timestamp="2022-11-29T01:18:20" hostname="penguin" time="1.36">
  <properties/>
  <testcase name="driveTestStraight" classname="DrivebaseTest" time="1.342"/>
  <testcase name="driveTestTurnInPlace" classname="DrivebaseTest" time="0.013"/>
  <testcase name="doesDriveWork" classname="DrivebaseTest" time="0.002"/>
  <testcase name="setupTest" classname="DrivebaseTest" time="0.001"/>
  <system-out><![CDATA[]]></system-out>
  <system-err><![CDATA[]]></system-err>
</testsuite>
