<?xml version="1.0" encoding="UTF-8"?>
<testsuite name="DrivebaseTest" tests="4" skipped="0" failures="0" errors="0" timestamp="2022-11-23T04:22:48" hostname="penguin" time="1.716">
  <properties/>
  <testcase name="driveTestStraight" classname="DrivebaseTest" time="1.694"/>
  <testcase name="driveTestTurnInPlace" classname="DrivebaseTest" time="0.003"/>
  <testcase name="doesDriveWork" classname="DrivebaseTest" time="0.008"/>
  <testcase name="setupTest" classname="DrivebaseTest" time="0.01"/>
  <system-out><![CDATA[]]></system-out>
  <system-err><![CDATA[]]></system-err>
</testsuite>
